[0.022s] Invoking command in '/home/user/workspace_world/mock_HW_ws/build/mock_hardware_interface': CMAKE_PREFIX_PATH=${CMAKE_PREFIX_PATH}:/home/user/workspace_world/ws_1/install/ros2_control_demo_testing:/home/user/ros2_ws/install/workspace_mapping:/home/user/ros2_ws/install/my_robot_controller:/home/user/ros2_ws/install/fake_imu_package:/home/user/turtlebot3_ws/install/turtlebot3_teleop:/home/user/turtlebot3_ws/install/turtlebot3_example:/opt/ros/humble /usr/bin/cmake --build /home/user/workspace_world/mock_HW_ws/build/mock_hardware_interface -- -j8 -l8
[0.048s] [33mCMake Warning (dev) in CMakeLists.txt:
[0.048s]   No project() command is present.  The top-level CMakeLists.txt file must
[0.048s]   contain a literal, direct call to the project() command.  Add a line of
[0.049s]   code such as
[0.049s] 
[0.049s]     project(ProjectName)
[0.049s] 
[0.049s]   near the top of the file, but after cmake_minimum_required().
[0.049s] 
[0.049s]   CMake is pretending there is a "project(Project)" command on the first
[0.049s]   line.
[0.049s] This warning is for project developers.  Use -Wno-dev to suppress it.
[0.049s] [0m
[0.058s] [31mCMake Error at CMakeLists.txt:5 (ament_target_dependencies):
[0.058s]   Unknown CMake command "ament_target_dependencies".
[0.058s] 
[0.058s] [0m
[0.058s] [33mCMake Warning (dev) in CMakeLists.txt:
[0.059s]   No cmake_minimum_required command is present.  A line of code such as
[0.059s] 
[0.059s]     cmake_minimum_required(VERSION 3.22)
[0.059s] 
[0.059s]   should be added at the top of the file.  The version specified may be lower
[0.060s]   if you wish to support older CMake versions for this project.  For more
[0.060s]   information run "cmake --help-policy CMP0000".
[0.060s] This warning is for project developers.  Use -Wno-dev to suppress it.
[0.060s] [0m
[0.061s] -- Configuring incomplete, errors occurred!
[0.061s] See also "/home/user/workspace_world/mock_HW_ws/build/mock_hardware_interface/CMakeFiles/CMakeOutput.log".
[0.061s] gmake: *** [Makefile:267: cmake_check_build_system] Error 1
[0.064s] Invoked command in '/home/user/workspace_world/mock_HW_ws/build/mock_hardware_interface' returned '2': CMAKE_PREFIX_PATH=${CMAKE_PREFIX_PATH}:/home/user/workspace_world/ws_1/install/ros2_control_demo_testing:/home/user/ros2_ws/install/workspace_mapping:/home/user/ros2_ws/install/my_robot_controller:/home/user/ros2_ws/install/fake_imu_package:/home/user/turtlebot3_ws/install/turtlebot3_teleop:/home/user/turtlebot3_ws/install/turtlebot3_example:/opt/ros/humble /usr/bin/cmake --build /home/user/workspace_world/mock_HW_ws/build/mock_hardware_interface -- -j8 -l8
