[0.261s] DEBUG:colcon:Command line arguments: ['/usr/bin/colcon', 'build', '--packages-select', 'mock_hardware_interface', '--symlink-install']
[0.261s] DEBUG:colcon:Parsed command line arguments: Namespace(log_base=None, log_level=None, verb_name='build', build_base='build', install_base='install', merge_install=False, symlink_install=True, test_result_base=None, continue_on_error=False, executor='parallel', parallel_workers=8, event_handlers=None, ignore_user_meta=False, metas=['./colcon.meta'], base_paths=['.'], packages_ignore=None, packages_ignore_regex=None, paths=None, packages_up_to=None, packages_up_to_regex=None, packages_above=None, packages_above_and_dependencies=None, packages_above_depth=None, packages_select_by_dep=None, packages_skip_by_dep=None, packages_skip_up_to=None, packages_select_build_failed=False, packages_skip_build_finished=False, packages_select_test_failures=False, packages_skip_test_passed=False, packages_select=['mock_hardware_interface'], packages_skip=None, packages_select_regex=None, packages_skip_regex=None, packages_start=None, packages_end=None, allow_overriding=[], cmake_args=None, cmake_target=None, cmake_target_skip_unavailable=False, cmake_clean_cache=False, cmake_clean_first=False, cmake_force_configure=False, ament_cmake_args=None, catkin_cmake_args=None, catkin_skip_building_tests=False, verb_parser=<colcon_defaults.argument_parser.defaults.DefaultArgumentsDecorator object at 0x7fafdbf2e5c0>, verb_extension=<colcon_core.verb.build.BuildVerb object at 0x7fafdbf2e0b0>, main=<bound method BuildVerb.main of <colcon_core.verb.build.BuildVerb object at 0x7fafdbf2e0b0>>)
[0.509s] Level 1:colcon.colcon_core.package_discovery:discover_packages(colcon_meta) check parameters
[0.509s] Level 1:colcon.colcon_core.package_discovery:discover_packages(recursive) check parameters
[0.509s] Level 1:colcon.colcon_core.package_discovery:discover_packages(ignore) check parameters
[0.509s] Level 1:colcon.colcon_core.package_discovery:discover_packages(path) check parameters
[0.509s] Level 1:colcon.colcon_core.package_discovery:discover_packages(colcon_meta) discover
[0.510s] Level 1:colcon.colcon_core.package_discovery:discover_packages(recursive) discover
[0.510s] INFO:colcon.colcon_core.package_discovery:Crawling recursively for packages in '/home/user/workspace_world/mock_HW_ws'
[0.510s] Level 1:colcon.colcon_core.package_identification:_identify(.) by extensions ['ignore', 'ignore_ament_install']
[0.510s] Level 1:colcon.colcon_core.package_identification:_identify(.) by extension 'ignore'
[0.510s] Level 1:colcon.colcon_core.package_identification:_identify(.) by extension 'ignore_ament_install'
[0.510s] Level 1:colcon.colcon_core.package_identification:_identify(.) by extensions ['colcon_pkg']
[0.510s] Level 1:colcon.colcon_core.package_identification:_identify(.) by extension 'colcon_pkg'
[0.510s] Level 1:colcon.colcon_core.package_identification:_identify(.) by extensions ['colcon_meta']
[0.510s] Level 1:colcon.colcon_core.package_identification:_identify(.) by extension 'colcon_meta'
[0.510s] Level 1:colcon.colcon_core.package_identification:_identify(.) by extensions ['ros']
[0.510s] Level 1:colcon.colcon_core.package_identification:_identify(.) by extension 'ros'
[0.528s] Level 1:colcon.colcon_core.package_identification:_identify(.) by extensions ['cmake', 'python']
[0.528s] Level 1:colcon.colcon_core.package_identification:_identify(.) by extension 'cmake'
[0.529s] Level 1:colcon.colcon_core.package_identification:_identify(.) by extension 'python'
[0.529s] Level 1:colcon.colcon_core.package_identification:_identify(.) by extensions ['python_setup_py']
[0.529s] Level 1:colcon.colcon_core.package_identification:_identify(.) by extension 'python_setup_py'
[0.529s] Level 1:colcon.colcon_core.package_identification:_identify(build) by extensions ['ignore', 'ignore_ament_install']
[0.529s] Level 1:colcon.colcon_core.package_identification:_identify(build) by extension 'ignore'
[0.529s] Level 1:colcon.colcon_core.package_identification:_identify(build) ignored
[0.529s] Level 1:colcon.colcon_core.package_identification:_identify(install) by extensions ['ignore', 'ignore_ament_install']
[0.530s] Level 1:colcon.colcon_core.package_identification:_identify(install) by extension 'ignore'
[0.530s] Level 1:colcon.colcon_core.package_identification:_identify(install) ignored
[0.530s] Level 1:colcon.colcon_core.package_identification:_identify(log) by extensions ['ignore', 'ignore_ament_install']
[0.530s] Level 1:colcon.colcon_core.package_identification:_identify(log) by extension 'ignore'
[0.530s] Level 1:colcon.colcon_core.package_identification:_identify(log) ignored
[0.530s] Level 1:colcon.colcon_core.package_identification:_identify(src) by extensions ['ignore', 'ignore_ament_install']
[0.530s] Level 1:colcon.colcon_core.package_identification:_identify(src) by extension 'ignore'
[0.530s] Level 1:colcon.colcon_core.package_identification:_identify(src) by extension 'ignore_ament_install'
[0.531s] Level 1:colcon.colcon_core.package_identification:_identify(src) by extensions ['colcon_pkg']
[0.531s] Level 1:colcon.colcon_core.package_identification:_identify(src) by extension 'colcon_pkg'
[0.531s] Level 1:colcon.colcon_core.package_identification:_identify(src) by extensions ['colcon_meta']
[0.531s] Level 1:colcon.colcon_core.package_identification:_identify(src) by extension 'colcon_meta'
[0.531s] Level 1:colcon.colcon_core.package_identification:_identify(src) by extensions ['ros']
[0.531s] Level 1:colcon.colcon_core.package_identification:_identify(src) by extension 'ros'
[0.531s] Level 1:colcon.colcon_core.package_identification:_identify(src) by extensions ['cmake', 'python']
[0.531s] Level 1:colcon.colcon_core.package_identification:_identify(src) by extension 'cmake'
[0.531s] Level 1:colcon.colcon_core.package_identification:_identify(src) by extension 'python'
[0.531s] Level 1:colcon.colcon_core.package_identification:_identify(src) by extensions ['python_setup_py']
[0.531s] Level 1:colcon.colcon_core.package_identification:_identify(src) by extension 'python_setup_py'
[0.531s] Level 1:colcon.colcon_core.package_identification:_identify(src/mock_hardware_interface) by extensions ['ignore', 'ignore_ament_install']
[0.532s] Level 1:colcon.colcon_core.package_identification:_identify(src/mock_hardware_interface) by extension 'ignore'
[0.532s] Level 1:colcon.colcon_core.package_identification:_identify(src/mock_hardware_interface) by extension 'ignore_ament_install'
[0.532s] Level 1:colcon.colcon_core.package_identification:_identify(src/mock_hardware_interface) by extensions ['colcon_pkg']
[0.532s] Level 1:colcon.colcon_core.package_identification:_identify(src/mock_hardware_interface) by extension 'colcon_pkg'
[0.532s] Level 1:colcon.colcon_core.package_identification:_identify(src/mock_hardware_interface) by extensions ['colcon_meta']
[0.532s] Level 1:colcon.colcon_core.package_identification:_identify(src/mock_hardware_interface) by extension 'colcon_meta'
[0.532s] Level 1:colcon.colcon_core.package_identification:_identify(src/mock_hardware_interface) by extensions ['ros']
[0.532s] Level 1:colcon.colcon_core.package_identification:_identify(src/mock_hardware_interface) by extension 'ros'
[0.539s] DEBUG:colcon.colcon_core.package_identification:Package 'src/mock_hardware_interface' with type 'ros.ament_cmake' and name 'mock_hardware_interface'
[0.539s] Level 1:colcon.colcon_core.package_discovery:discover_packages(recursive) using defaults
[0.540s] Level 1:colcon.colcon_core.package_discovery:discover_packages(ignore) discover
[0.540s] Level 1:colcon.colcon_core.package_discovery:discover_packages(ignore) using defaults
[0.540s] Level 1:colcon.colcon_core.package_discovery:discover_packages(path) discover
[0.540s] Level 1:colcon.colcon_core.package_discovery:discover_packages(path) using defaults
[0.595s] Level 1:colcon.colcon_core.package_discovery:discover_packages(prefix_path) check parameters
[0.595s] Level 1:colcon.colcon_core.package_discovery:discover_packages(prefix_path) discover
[0.601s] DEBUG:colcon.colcon_installed_package_information.package_discovery:Found 1 installed packages in /home/user/workspace_world/mock_HW_ws/install
[0.604s] DEBUG:colcon.colcon_installed_package_information.package_discovery:Found 19 installed packages in /home/user/workspace_world/ws_1/install
[0.604s] DEBUG:colcon.colcon_installed_package_information.package_discovery:Found 1 installed packages in /home/user/ros_ws3/install
[0.605s] DEBUG:colcon.colcon_installed_package_information.package_discovery:Found 3 installed packages in /home/user/ros2_ws/install
[0.606s] DEBUG:colcon.colcon_installed_package_information.package_discovery:Found 11 installed packages in /home/user/turtlebot3_ws/install
[0.606s] DEBUG:colcon.colcon_installed_package_information.package_discovery:Found 1 installed packages in /home/user/workspace_world/ws_2/install
[0.608s] DEBUG:colcon.colcon_installed_package_information.package_discovery:Found 432 installed packages in /opt/ros/humble
[0.614s] Level 1:colcon.colcon_core.package_discovery:discover_packages(prefix_path) using defaults
[0.680s] Level 5:colcon.colcon_core.verb:set package 'mock_hardware_interface' build argument 'cmake_args' from command line to 'None'
[0.680s] Level 5:colcon.colcon_core.verb:set package 'mock_hardware_interface' build argument 'cmake_target' from command line to 'None'
[0.680s] Level 5:colcon.colcon_core.verb:set package 'mock_hardware_interface' build argument 'cmake_target_skip_unavailable' from command line to 'False'
[0.680s] Level 5:colcon.colcon_core.verb:set package 'mock_hardware_interface' build argument 'cmake_clean_cache' from command line to 'False'
[0.680s] Level 5:colcon.colcon_core.verb:set package 'mock_hardware_interface' build argument 'cmake_clean_first' from command line to 'False'
[0.680s] Level 5:colcon.colcon_core.verb:set package 'mock_hardware_interface' build argument 'cmake_force_configure' from command line to 'False'
[0.680s] Level 5:colcon.colcon_core.verb:set package 'mock_hardware_interface' build argument 'ament_cmake_args' from command line to 'None'
[0.680s] Level 5:colcon.colcon_core.verb:set package 'mock_hardware_interface' build argument 'catkin_cmake_args' from command line to 'None'
[0.680s] Level 5:colcon.colcon_core.verb:set package 'mock_hardware_interface' build argument 'catkin_skip_building_tests' from command line to 'False'
[0.680s] DEBUG:colcon.colcon_core.verb:Building package 'mock_hardware_interface' with the following arguments: {'ament_cmake_args': None, 'build_base': '/home/user/workspace_world/mock_HW_ws/build/mock_hardware_interface', 'catkin_cmake_args': None, 'catkin_skip_building_tests': False, 'cmake_args': None, 'cmake_clean_cache': False, 'cmake_clean_first': False, 'cmake_force_configure': False, 'cmake_target': None, 'cmake_target_skip_unavailable': False, 'install_base': '/home/user/workspace_world/mock_HW_ws/install/mock_hardware_interface', 'merge_install': False, 'path': '/home/user/workspace_world/mock_HW_ws/src/mock_hardware_interface', 'symlink_install': True, 'test_result_base': None}
[0.681s] INFO:colcon.colcon_core.executor:Executing jobs using 'parallel' executor
[0.682s] DEBUG:colcon.colcon_parallel_executor.executor.parallel:run_until_complete
[0.682s] INFO:colcon.colcon_ros.task.ament_cmake.build:Building ROS package in '/home/user/workspace_world/mock_HW_ws/src/mock_hardware_interface' with build type 'ament_cmake'
[0.682s] INFO:colcon.colcon_cmake.task.cmake.build:Building CMake package in '/home/user/workspace_world/mock_HW_ws/src/mock_hardware_interface'
[0.685s] INFO:colcon.colcon_core.plugin_system:Skipping extension 'colcon_core.shell.bat': Not used on non-Windows systems
[0.685s] INFO:colcon.colcon_core.shell:Skip shell extension 'powershell' for command environment: Not usable outside of PowerShell
[0.685s] DEBUG:colcon.colcon_core.shell:Skip shell extension 'dsv' for command environment
[0.705s] DEBUG:colcon.colcon_core.event_handler.log_command:Invoking command in '/home/user/workspace_world/mock_HW_ws/build/mock_hardware_interface': CMAKE_PREFIX_PATH=${CMAKE_PREFIX_PATH}:/home/user/workspace_world/ws_1/install/ros2_control_demo_testing:/home/user/ros2_ws/install/workspace_mapping:/home/user/ros2_ws/install/my_robot_controller:/home/user/ros2_ws/install/fake_imu_package:/home/user/turtlebot3_ws/install/turtlebot3_teleop:/home/user/turtlebot3_ws/install/turtlebot3_example:/opt/ros/humble /usr/bin/cmake --build /home/user/workspace_world/mock_HW_ws/build/mock_hardware_interface -- -j8 -l8
[0.792s] DEBUG:colcon.colcon_core.event_handler.log_command:Invoked command in '/home/user/workspace_world/mock_HW_ws/build/mock_hardware_interface' returned '0': CMAKE_PREFIX_PATH=${CMAKE_PREFIX_PATH}:/home/user/workspace_world/ws_1/install/ros2_control_demo_testing:/home/user/ros2_ws/install/workspace_mapping:/home/user/ros2_ws/install/my_robot_controller:/home/user/ros2_ws/install/fake_imu_package:/home/user/turtlebot3_ws/install/turtlebot3_teleop:/home/user/turtlebot3_ws/install/turtlebot3_example:/opt/ros/humble /usr/bin/cmake --build /home/user/workspace_world/mock_HW_ws/build/mock_hardware_interface -- -j8 -l8
[0.841s] DEBUG:colcon.colcon_core.event_handler.log_command:Invoking command in '/home/user/workspace_world/mock_HW_ws/build/mock_hardware_interface': CMAKE_PREFIX_PATH=${CMAKE_PREFIX_PATH}:/home/user/workspace_world/ws_1/install/ros2_control_demo_testing:/home/user/ros2_ws/install/workspace_mapping:/home/user/ros2_ws/install/my_robot_controller:/home/user/ros2_ws/install/fake_imu_package:/home/user/turtlebot3_ws/install/turtlebot3_teleop:/home/user/turtlebot3_ws/install/turtlebot3_example:/opt/ros/humble /usr/bin/cmake --install /home/user/workspace_world/mock_HW_ws/build/mock_hardware_interface
[0.868s] Level 1:colcon.colcon_core.environment:create_environment_scripts_only(mock_hardware_interface)
[0.868s] DEBUG:colcon.colcon_core.event_handler.log_command:Invoked command in '/home/user/workspace_world/mock_HW_ws/build/mock_hardware_interface' returned '0': CMAKE_PREFIX_PATH=${CMAKE_PREFIX_PATH}:/home/user/workspace_world/ws_1/install/ros2_control_demo_testing:/home/user/ros2_ws/install/workspace_mapping:/home/user/ros2_ws/install/my_robot_controller:/home/user/ros2_ws/install/fake_imu_package:/home/user/turtlebot3_ws/install/turtlebot3_teleop:/home/user/turtlebot3_ws/install/turtlebot3_example:/opt/ros/humble /usr/bin/cmake --install /home/user/workspace_world/mock_HW_ws/build/mock_hardware_interface
[0.871s] Level 1:colcon.colcon_core.environment:checking '/home/user/workspace_world/mock_HW_ws/install/mock_hardware_interface' for CMake module files
[0.871s] Level 1:colcon.colcon_core.environment:checking '/home/user/workspace_world/mock_HW_ws/install/mock_hardware_interface' for CMake config files
[0.871s] Level 1:colcon.colcon_core.shell:create_environment_hook('mock_hardware_interface', 'cmake_prefix_path')
[0.872s] INFO:colcon.colcon_core.shell:Creating environment hook '/home/user/workspace_world/mock_HW_ws/install/mock_hardware_interface/share/mock_hardware_interface/hook/cmake_prefix_path.ps1'
[0.872s] INFO:colcon.colcon_core.shell:Creating environment descriptor '/home/user/workspace_world/mock_HW_ws/install/mock_hardware_interface/share/mock_hardware_interface/hook/cmake_prefix_path.dsv'
[0.873s] INFO:colcon.colcon_core.shell:Creating environment hook '/home/user/workspace_world/mock_HW_ws/install/mock_hardware_interface/share/mock_hardware_interface/hook/cmake_prefix_path.sh'
[0.874s] Level 1:colcon.colcon_core.environment:checking '/home/user/workspace_world/mock_HW_ws/install/mock_hardware_interface/lib'
[0.874s] Level 1:colcon.colcon_core.shell:create_environment_hook('mock_hardware_interface', 'ld_library_path_lib')
[0.874s] INFO:colcon.colcon_core.shell:Creating environment hook '/home/user/workspace_world/mock_HW_ws/install/mock_hardware_interface/share/mock_hardware_interface/hook/ld_library_path_lib.ps1'
[0.875s] INFO:colcon.colcon_core.shell:Creating environment descriptor '/home/user/workspace_world/mock_HW_ws/install/mock_hardware_interface/share/mock_hardware_interface/hook/ld_library_path_lib.dsv'
[0.875s] INFO:colcon.colcon_core.shell:Creating environment hook '/home/user/workspace_world/mock_HW_ws/install/mock_hardware_interface/share/mock_hardware_interface/hook/ld_library_path_lib.sh'
[0.875s] Level 1:colcon.colcon_core.environment:checking '/home/user/workspace_world/mock_HW_ws/install/mock_hardware_interface/bin'
[0.875s] Level 1:colcon.colcon_core.environment:checking '/home/user/workspace_world/mock_HW_ws/install/mock_hardware_interface/lib/pkgconfig/mock_hardware_interface.pc'
[0.876s] Level 1:colcon.colcon_core.environment:checking '/home/user/workspace_world/mock_HW_ws/install/mock_hardware_interface/lib/python3.10/site-packages'
[0.876s] Level 1:colcon.colcon_core.environment:checking '/home/user/workspace_world/mock_HW_ws/install/mock_hardware_interface/bin'
[0.876s] INFO:colcon.colcon_core.shell:Creating package script '/home/user/workspace_world/mock_HW_ws/install/mock_hardware_interface/share/mock_hardware_interface/package.ps1'
[0.877s] INFO:colcon.colcon_core.shell:Creating package descriptor '/home/user/workspace_world/mock_HW_ws/install/mock_hardware_interface/share/mock_hardware_interface/package.dsv'
[0.877s] INFO:colcon.colcon_core.shell:Creating package script '/home/user/workspace_world/mock_HW_ws/install/mock_hardware_interface/share/mock_hardware_interface/package.sh'
[0.878s] INFO:colcon.colcon_core.shell:Creating package script '/home/user/workspace_world/mock_HW_ws/install/mock_hardware_interface/share/mock_hardware_interface/package.bash'
[0.879s] INFO:colcon.colcon_core.shell:Creating package script '/home/user/workspace_world/mock_HW_ws/install/mock_hardware_interface/share/mock_hardware_interface/package.zsh'
[0.880s] Level 1:colcon.colcon_core.environment:create_file_with_runtime_dependencies(/home/user/workspace_world/mock_HW_ws/install/mock_hardware_interface/share/colcon-core/packages/mock_hardware_interface)
[0.925s] Level 1:colcon.colcon_core.environment:create_environment_scripts_only(mock_hardware_interface)
[0.925s] Level 1:colcon.colcon_core.environment:checking '/home/user/workspace_world/mock_HW_ws/install/mock_hardware_interface' for CMake module files
[0.926s] Level 1:colcon.colcon_core.environment:checking '/home/user/workspace_world/mock_HW_ws/install/mock_hardware_interface' for CMake config files
[0.926s] Level 1:colcon.colcon_core.shell:create_environment_hook('mock_hardware_interface', 'cmake_prefix_path')
[0.926s] INFO:colcon.colcon_core.shell:Creating environment hook '/home/user/workspace_world/mock_HW_ws/install/mock_hardware_interface/share/mock_hardware_interface/hook/cmake_prefix_path.ps1'
[0.927s] INFO:colcon.colcon_core.shell:Creating environment descriptor '/home/user/workspace_world/mock_HW_ws/install/mock_hardware_interface/share/mock_hardware_interface/hook/cmake_prefix_path.dsv'
[0.927s] INFO:colcon.colcon_core.shell:Creating environment hook '/home/user/workspace_world/mock_HW_ws/install/mock_hardware_interface/share/mock_hardware_interface/hook/cmake_prefix_path.sh'
[0.928s] Level 1:colcon.colcon_core.environment:checking '/home/user/workspace_world/mock_HW_ws/install/mock_hardware_interface/lib'
[0.928s] Level 1:colcon.colcon_core.shell:create_environment_hook('mock_hardware_interface', 'ld_library_path_lib')
[0.929s] INFO:colcon.colcon_core.shell:Creating environment hook '/home/user/workspace_world/mock_HW_ws/install/mock_hardware_interface/share/mock_hardware_interface/hook/ld_library_path_lib.ps1'
[0.930s] INFO:colcon.colcon_core.shell:Creating environment descriptor '/home/user/workspace_world/mock_HW_ws/install/mock_hardware_interface/share/mock_hardware_interface/hook/ld_library_path_lib.dsv'
[0.931s] INFO:colcon.colcon_core.shell:Creating environment hook '/home/user/workspace_world/mock_HW_ws/install/mock_hardware_interface/share/mock_hardware_interface/hook/ld_library_path_lib.sh'
[0.931s] Level 1:colcon.colcon_core.environment:checking '/home/user/workspace_world/mock_HW_ws/install/mock_hardware_interface/bin'
[0.931s] Level 1:colcon.colcon_core.environment:checking '/home/user/workspace_world/mock_HW_ws/install/mock_hardware_interface/lib/pkgconfig/mock_hardware_interface.pc'
[0.932s] Level 1:colcon.colcon_core.environment:checking '/home/user/workspace_world/mock_HW_ws/install/mock_hardware_interface/lib/python3.10/site-packages'
[0.932s] Level 1:colcon.colcon_core.environment:checking '/home/user/workspace_world/mock_HW_ws/install/mock_hardware_interface/bin'
[0.932s] INFO:colcon.colcon_core.shell:Creating package script '/home/user/workspace_world/mock_HW_ws/install/mock_hardware_interface/share/mock_hardware_interface/package.ps1'
[0.933s] INFO:colcon.colcon_core.shell:Creating package descriptor '/home/user/workspace_world/mock_HW_ws/install/mock_hardware_interface/share/mock_hardware_interface/package.dsv'
[0.934s] INFO:colcon.colcon_core.shell:Creating package script '/home/user/workspace_world/mock_HW_ws/install/mock_hardware_interface/share/mock_hardware_interface/package.sh'
[0.934s] INFO:colcon.colcon_core.shell:Creating package script '/home/user/workspace_world/mock_HW_ws/install/mock_hardware_interface/share/mock_hardware_interface/package.bash'
[0.935s] INFO:colcon.colcon_core.shell:Creating package script '/home/user/workspace_world/mock_HW_ws/install/mock_hardware_interface/share/mock_hardware_interface/package.zsh'
[0.935s] Level 1:colcon.colcon_core.environment:create_file_with_runtime_dependencies(/home/user/workspace_world/mock_HW_ws/install/mock_hardware_interface/share/colcon-core/packages/mock_hardware_interface)
[0.936s] DEBUG:colcon.colcon_parallel_executor.executor.parallel:closing loop
[0.937s] DEBUG:colcon.colcon_parallel_executor.executor.parallel:loop closed
[0.938s] DEBUG:colcon.colcon_parallel_executor.executor.parallel:run_until_complete finished with '0'
[0.938s] DEBUG:colcon.colcon_core.event_reactor:joining thread
[1.052s] INFO:colcon.colcon_core.plugin_system:Skipping extension 'colcon_notification.desktop_notification.notify_send': Could not find 'notify-send'
[1.052s] INFO:colcon.colcon_core.plugin_system:Skipping extension 'colcon_notification.desktop_notification.terminal_notifier': Not used on non-Darwin systems
[1.052s] INFO:colcon.colcon_core.plugin_system:Skipping extension 'colcon_notification.desktop_notification.win32': Not used on non-Windows systems
[1.052s] INFO:colcon.colcon_notification.desktop_notification:Sending desktop notification using 'notify2'
[1.054s] DEBUG:colcon.colcon_notification.desktop_notification.notify2:Failed to initialize notify2: org.freedesktop.DBus.Error.ServiceUnknown: The name org.freedesktop.Notifications was not provided by any .service files
[1.054s] DEBUG:colcon.colcon_core.event_reactor:joined thread
[1.054s] INFO:colcon.colcon_core.shell:Creating prefix script '/home/user/workspace_world/mock_HW_ws/install/local_setup.ps1'
[1.056s] INFO:colcon.colcon_core.shell:Creating prefix util module '/home/user/workspace_world/mock_HW_ws/install/_local_setup_util_ps1.py'
[1.057s] INFO:colcon.colcon_core.shell:Creating prefix chain script '/home/user/workspace_world/mock_HW_ws/install/setup.ps1'
[1.060s] INFO:colcon.colcon_core.shell:Creating prefix script '/home/user/workspace_world/mock_HW_ws/install/local_setup.sh'
[1.061s] INFO:colcon.colcon_core.shell:Creating prefix util module '/home/user/workspace_world/mock_HW_ws/install/_local_setup_util_sh.py'
[1.061s] INFO:colcon.colcon_core.shell:Creating prefix chain script '/home/user/workspace_world/mock_HW_ws/install/setup.sh'
[1.064s] INFO:colcon.colcon_core.shell:Creating prefix script '/home/user/workspace_world/mock_HW_ws/install/local_setup.bash'
[1.065s] INFO:colcon.colcon_core.shell:Creating prefix chain script '/home/user/workspace_world/mock_HW_ws/install/setup.bash'
[1.067s] INFO:colcon.colcon_core.shell:Creating prefix script '/home/user/workspace_world/mock_HW_ws/install/local_setup.zsh'
[1.067s] INFO:colcon.colcon_core.shell:Creating prefix chain script '/home/user/workspace_world/mock_HW_ws/install/setup.zsh'
