[0.379s] DEBUG:colcon:Command line arguments: ['/usr/bin/colcon', 'build', '--packages-select', 'mock_hardware_interface', '--symlink-install']
[0.379s] DEBUG:colcon:Parsed command line arguments: Namespace(log_base=None, log_level=None, verb_name='build', build_base='build', install_base='install', merge_install=False, symlink_install=True, test_result_base=None, continue_on_error=False, executor='parallel', parallel_workers=8, event_handlers=None, ignore_user_meta=False, metas=['./colcon.meta'], base_paths=['.'], packages_ignore=None, packages_ignore_regex=None, paths=None, packages_up_to=None, packages_up_to_regex=None, packages_above=None, packages_above_and_dependencies=None, packages_above_depth=None, packages_select_by_dep=None, packages_skip_by_dep=None, packages_skip_up_to=None, packages_select_build_failed=False, packages_skip_build_finished=False, packages_select_test_failures=False, packages_skip_test_passed=False, packages_select=['mock_hardware_interface'], packages_skip=None, packages_select_regex=None, packages_skip_regex=None, packages_start=None, packages_end=None, allow_overriding=[], cmake_args=None, cmake_target=None, cmake_target_skip_unavailable=False, cmake_clean_cache=False, cmake_clean_first=False, cmake_force_configure=False, ament_cmake_args=None, catkin_cmake_args=None, catkin_skip_building_tests=False, verb_parser=<colcon_defaults.argument_parser.defaults.DefaultArgumentsDecorator object at 0x7f7eedb0a5c0>, verb_extension=<colcon_core.verb.build.BuildVerb object at 0x7f7eedb0a0b0>, main=<bound method BuildVerb.main of <colcon_core.verb.build.BuildVerb object at 0x7f7eedb0a0b0>>)
[0.730s] Level 1:colcon.colcon_core.package_discovery:discover_packages(colcon_meta) check parameters
[0.730s] Level 1:colcon.colcon_core.package_discovery:discover_packages(recursive) check parameters
[0.730s] Level 1:colcon.colcon_core.package_discovery:discover_packages(ignore) check parameters
[0.731s] Level 1:colcon.colcon_core.package_discovery:discover_packages(path) check parameters
[0.731s] Level 1:colcon.colcon_core.package_discovery:discover_packages(colcon_meta) discover
[0.731s] Level 1:colcon.colcon_core.package_discovery:discover_packages(recursive) discover
[0.731s] INFO:colcon.colcon_core.package_discovery:Crawling recursively for packages in '/home/user/workspace_world/mock_HW_ws'
[0.731s] Level 1:colcon.colcon_core.package_identification:_identify(.) by extensions ['ignore', 'ignore_ament_install']
[0.731s] Level 1:colcon.colcon_core.package_identification:_identify(.) by extension 'ignore'
[0.732s] Level 1:colcon.colcon_core.package_identification:_identify(.) by extension 'ignore_ament_install'
[0.732s] Level 1:colcon.colcon_core.package_identification:_identify(.) by extensions ['colcon_pkg']
[0.732s] Level 1:colcon.colcon_core.package_identification:_identify(.) by extension 'colcon_pkg'
[0.732s] Level 1:colcon.colcon_core.package_identification:_identify(.) by extensions ['colcon_meta']
[0.732s] Level 1:colcon.colcon_core.package_identification:_identify(.) by extension 'colcon_meta'
[0.732s] Level 1:colcon.colcon_core.package_identification:_identify(.) by extensions ['ros']
[0.732s] Level 1:colcon.colcon_core.package_identification:_identify(.) by extension 'ros'
[0.754s] Level 1:colcon.colcon_core.package_identification:_identify(.) by extensions ['cmake', 'python']
[0.754s] Level 1:colcon.colcon_core.package_identification:_identify(.) by extension 'cmake'
[0.754s] Level 1:colcon.colcon_core.package_identification:_identify(.) by extension 'python'
[0.754s] Level 1:colcon.colcon_core.package_identification:_identify(.) by extensions ['python_setup_py']
[0.754s] Level 1:colcon.colcon_core.package_identification:_identify(.) by extension 'python_setup_py'
[0.754s] Level 1:colcon.colcon_core.package_identification:_identify(build) by extensions ['ignore', 'ignore_ament_install']
[0.754s] Level 1:colcon.colcon_core.package_identification:_identify(build) by extension 'ignore'
[0.754s] Level 1:colcon.colcon_core.package_identification:_identify(build) ignored
[0.755s] Level 1:colcon.colcon_core.package_identification:_identify(install) by extensions ['ignore', 'ignore_ament_install']
[0.755s] Level 1:colcon.colcon_core.package_identification:_identify(install) by extension 'ignore'
[0.755s] Level 1:colcon.colcon_core.package_identification:_identify(install) ignored
[0.755s] Level 1:colcon.colcon_core.package_identification:_identify(log) by extensions ['ignore', 'ignore_ament_install']
[0.755s] Level 1:colcon.colcon_core.package_identification:_identify(log) by extension 'ignore'
[0.755s] Level 1:colcon.colcon_core.package_identification:_identify(log) ignored
[0.755s] Level 1:colcon.colcon_core.package_identification:_identify(src) by extensions ['ignore', 'ignore_ament_install']
[0.755s] Level 1:colcon.colcon_core.package_identification:_identify(src) by extension 'ignore'
[0.755s] Level 1:colcon.colcon_core.package_identification:_identify(src) by extension 'ignore_ament_install'
[0.755s] Level 1:colcon.colcon_core.package_identification:_identify(src) by extensions ['colcon_pkg']
[0.755s] Level 1:colcon.colcon_core.package_identification:_identify(src) by extension 'colcon_pkg'
[0.755s] Level 1:colcon.colcon_core.package_identification:_identify(src) by extensions ['colcon_meta']
[0.755s] Level 1:colcon.colcon_core.package_identification:_identify(src) by extension 'colcon_meta'
[0.755s] Level 1:colcon.colcon_core.package_identification:_identify(src) by extensions ['ros']
[0.756s] Level 1:colcon.colcon_core.package_identification:_identify(src) by extension 'ros'
[0.756s] Level 1:colcon.colcon_core.package_identification:_identify(src) by extensions ['cmake', 'python']
[0.756s] Level 1:colcon.colcon_core.package_identification:_identify(src) by extension 'cmake'
[0.756s] Level 1:colcon.colcon_core.package_identification:_identify(src) by extension 'python'
[0.756s] Level 1:colcon.colcon_core.package_identification:_identify(src) by extensions ['python_setup_py']
[0.756s] Level 1:colcon.colcon_core.package_identification:_identify(src) by extension 'python_setup_py'
[0.756s] Level 1:colcon.colcon_core.package_identification:_identify(src/mock_hardware_interface) by extensions ['ignore', 'ignore_ament_install']
[0.756s] Level 1:colcon.colcon_core.package_identification:_identify(src/mock_hardware_interface) by extension 'ignore'
[0.756s] Level 1:colcon.colcon_core.package_identification:_identify(src/mock_hardware_interface) by extension 'ignore_ament_install'
[0.756s] Level 1:colcon.colcon_core.package_identification:_identify(src/mock_hardware_interface) by extensions ['colcon_pkg']
[0.756s] Level 1:colcon.colcon_core.package_identification:_identify(src/mock_hardware_interface) by extension 'colcon_pkg'
[0.757s] Level 1:colcon.colcon_core.package_identification:_identify(src/mock_hardware_interface) by extensions ['colcon_meta']
[0.757s] Level 1:colcon.colcon_core.package_identification:_identify(src/mock_hardware_interface) by extension 'colcon_meta'
[0.757s] Level 1:colcon.colcon_core.package_identification:_identify(src/mock_hardware_interface) by extensions ['ros']
[0.757s] Level 1:colcon.colcon_core.package_identification:_identify(src/mock_hardware_interface) by extension 'ros'
[0.761s] DEBUG:colcon.colcon_core.package_identification:Package 'src/mock_hardware_interface' with type 'ros.ament_cmake' and name 'mock_hardware_interface'
[0.761s] Level 1:colcon.colcon_core.package_discovery:discover_packages(recursive) using defaults
[0.761s] Level 1:colcon.colcon_core.package_discovery:discover_packages(ignore) discover
[0.761s] Level 1:colcon.colcon_core.package_discovery:discover_packages(ignore) using defaults
[0.761s] Level 1:colcon.colcon_core.package_discovery:discover_packages(path) discover
[0.761s] Level 1:colcon.colcon_core.package_discovery:discover_packages(path) using defaults
[0.801s] Level 1:colcon.colcon_core.package_discovery:discover_packages(prefix_path) check parameters
[0.801s] Level 1:colcon.colcon_core.package_discovery:discover_packages(prefix_path) discover
[0.802s] WARNING:colcon.colcon_ros.prefix_path.ament:The path '/home/user/workspace_world/mock_HW_ws/install/mock_hardware_interface' in the environment variable AMENT_PREFIX_PATH doesn't exist
[0.804s] WARNING:colcon.colcon_ros.prefix_path.catkin:The path '/home/user/workspace_world/mock_HW_ws/install/mock_hardware_interface' in the environment variable CMAKE_PREFIX_PATH doesn't exist
[0.805s] DEBUG:colcon.colcon_installed_package_information.package_discovery:Found 0 installed packages in /home/user/workspace_world/mock_HW_ws/install
[0.806s] DEBUG:colcon.colcon_installed_package_information.package_discovery:Found 19 installed packages in /home/user/workspace_world/ws_1/install
[0.807s] DEBUG:colcon.colcon_installed_package_information.package_discovery:Found 1 installed packages in /home/user/ros_ws3/install
[0.807s] DEBUG:colcon.colcon_installed_package_information.package_discovery:Found 3 installed packages in /home/user/ros2_ws/install
[0.808s] DEBUG:colcon.colcon_installed_package_information.package_discovery:Found 11 installed packages in /home/user/turtlebot3_ws/install
[0.808s] DEBUG:colcon.colcon_installed_package_information.package_discovery:Found 1 installed packages in /home/user/workspace_world/ws_2/install
[0.810s] DEBUG:colcon.colcon_installed_package_information.package_discovery:Found 432 installed packages in /opt/ros/humble
[0.813s] Level 1:colcon.colcon_core.package_discovery:discover_packages(prefix_path) using defaults
[0.906s] Level 5:colcon.colcon_core.verb:set package 'mock_hardware_interface' build argument 'cmake_args' from command line to 'None'
[0.906s] Level 5:colcon.colcon_core.verb:set package 'mock_hardware_interface' build argument 'cmake_target' from command line to 'None'
[0.906s] Level 5:colcon.colcon_core.verb:set package 'mock_hardware_interface' build argument 'cmake_target_skip_unavailable' from command line to 'False'
[0.906s] Level 5:colcon.colcon_core.verb:set package 'mock_hardware_interface' build argument 'cmake_clean_cache' from command line to 'False'
[0.906s] Level 5:colcon.colcon_core.verb:set package 'mock_hardware_interface' build argument 'cmake_clean_first' from command line to 'False'
[0.906s] Level 5:colcon.colcon_core.verb:set package 'mock_hardware_interface' build argument 'cmake_force_configure' from command line to 'False'
[0.906s] Level 5:colcon.colcon_core.verb:set package 'mock_hardware_interface' build argument 'ament_cmake_args' from command line to 'None'
[0.906s] Level 5:colcon.colcon_core.verb:set package 'mock_hardware_interface' build argument 'catkin_cmake_args' from command line to 'None'
[0.906s] Level 5:colcon.colcon_core.verb:set package 'mock_hardware_interface' build argument 'catkin_skip_building_tests' from command line to 'False'
[0.906s] DEBUG:colcon.colcon_core.verb:Building package 'mock_hardware_interface' with the following arguments: {'ament_cmake_args': None, 'build_base': '/home/user/workspace_world/mock_HW_ws/build/mock_hardware_interface', 'catkin_cmake_args': None, 'catkin_skip_building_tests': False, 'cmake_args': None, 'cmake_clean_cache': False, 'cmake_clean_first': False, 'cmake_force_configure': False, 'cmake_target': None, 'cmake_target_skip_unavailable': False, 'install_base': '/home/user/workspace_world/mock_HW_ws/install/mock_hardware_interface', 'merge_install': False, 'path': '/home/user/workspace_world/mock_HW_ws/src/mock_hardware_interface', 'symlink_install': True, 'test_result_base': None}
[0.906s] INFO:colcon.colcon_core.executor:Executing jobs using 'parallel' executor
[0.907s] DEBUG:colcon.colcon_parallel_executor.executor.parallel:run_until_complete
[0.908s] INFO:colcon.colcon_ros.task.ament_cmake.build:Building ROS package in '/home/user/workspace_world/mock_HW_ws/src/mock_hardware_interface' with build type 'ament_cmake'
[0.908s] INFO:colcon.colcon_cmake.task.cmake.build:Building CMake package in '/home/user/workspace_world/mock_HW_ws/src/mock_hardware_interface'
[0.912s] INFO:colcon.colcon_core.plugin_system:Skipping extension 'colcon_core.shell.bat': Not used on non-Windows systems
[0.912s] INFO:colcon.colcon_core.shell:Skip shell extension 'powershell' for command environment: Not usable outside of PowerShell
[0.912s] DEBUG:colcon.colcon_core.shell:Skip shell extension 'dsv' for command environment
[0.937s] DEBUG:colcon.colcon_core.event_handler.log_command:Invoking command in '/home/user/workspace_world/mock_HW_ws/build/mock_hardware_interface': CMAKE_PREFIX_PATH=${CMAKE_PREFIX_PATH}:/home/user/workspace_world/ws_1/install/ros2_control_demo_testing:/home/user/ros2_ws/install/workspace_mapping:/home/user/ros2_ws/install/my_robot_controller:/home/user/ros2_ws/install/fake_imu_package:/home/user/turtlebot3_ws/install/turtlebot3_teleop:/home/user/turtlebot3_ws/install/turtlebot3_example:/opt/ros/humble /usr/bin/cmake /home/user/workspace_world/mock_HW_ws/src/mock_hardware_interface -DAMENT_CMAKE_SYMLINK_INSTALL=1 -DCMAKE_INSTALL_PREFIX=/home/user/workspace_world/mock_HW_ws/install/mock_hardware_interface
[10.115s] DEBUG:colcon.colcon_core.event_handler.log_command:Invoked command in '/home/user/workspace_world/mock_HW_ws/build/mock_hardware_interface' returned '0': CMAKE_PREFIX_PATH=${CMAKE_PREFIX_PATH}:/home/user/workspace_world/ws_1/install/ros2_control_demo_testing:/home/user/ros2_ws/install/workspace_mapping:/home/user/ros2_ws/install/my_robot_controller:/home/user/ros2_ws/install/fake_imu_package:/home/user/turtlebot3_ws/install/turtlebot3_teleop:/home/user/turtlebot3_ws/install/turtlebot3_example:/opt/ros/humble /usr/bin/cmake /home/user/workspace_world/mock_HW_ws/src/mock_hardware_interface -DAMENT_CMAKE_SYMLINK_INSTALL=1 -DCMAKE_INSTALL_PREFIX=/home/user/workspace_world/mock_HW_ws/install/mock_hardware_interface
[10.119s] DEBUG:colcon.colcon_core.event_handler.log_command:Invoking command in '/home/user/workspace_world/mock_HW_ws/build/mock_hardware_interface': CMAKE_PREFIX_PATH=${CMAKE_PREFIX_PATH}:/home/user/workspace_world/ws_1/install/ros2_control_demo_testing:/home/user/ros2_ws/install/workspace_mapping:/home/user/ros2_ws/install/my_robot_controller:/home/user/ros2_ws/install/fake_imu_package:/home/user/turtlebot3_ws/install/turtlebot3_teleop:/home/user/turtlebot3_ws/install/turtlebot3_example:/opt/ros/humble /usr/bin/cmake --build /home/user/workspace_world/mock_HW_ws/build/mock_hardware_interface -- -j8 -l8
[15.171s] DEBUG:colcon.colcon_core.event_handler.log_command:Invoked command in '/home/user/workspace_world/mock_HW_ws/build/mock_hardware_interface' returned '0': CMAKE_PREFIX_PATH=${CMAKE_PREFIX_PATH}:/home/user/workspace_world/ws_1/install/ros2_control_demo_testing:/home/user/ros2_ws/install/workspace_mapping:/home/user/ros2_ws/install/my_robot_controller:/home/user/ros2_ws/install/fake_imu_package:/home/user/turtlebot3_ws/install/turtlebot3_teleop:/home/user/turtlebot3_ws/install/turtlebot3_example:/opt/ros/humble /usr/bin/cmake --build /home/user/workspace_world/mock_HW_ws/build/mock_hardware_interface -- -j8 -l8
[15.236s] DEBUG:colcon.colcon_core.event_handler.log_command:Invoking command in '/home/user/workspace_world/mock_HW_ws/build/mock_hardware_interface': CMAKE_PREFIX_PATH=${CMAKE_PREFIX_PATH}:/home/user/workspace_world/ws_1/install/ros2_control_demo_testing:/home/user/ros2_ws/install/workspace_mapping:/home/user/ros2_ws/install/my_robot_controller:/home/user/ros2_ws/install/fake_imu_package:/home/user/turtlebot3_ws/install/turtlebot3_teleop:/home/user/turtlebot3_ws/install/turtlebot3_example:/opt/ros/humble /usr/bin/cmake --install /home/user/workspace_world/mock_HW_ws/build/mock_hardware_interface
[15.503s] Level 1:colcon.colcon_core.environment:create_environment_scripts_only(mock_hardware_interface)
[15.503s] DEBUG:colcon.colcon_core.event_handler.log_command:Invoked command in '/home/user/workspace_world/mock_HW_ws/build/mock_hardware_interface' returned '0': CMAKE_PREFIX_PATH=${CMAKE_PREFIX_PATH}:/home/user/workspace_world/ws_1/install/ros2_control_demo_testing:/home/user/ros2_ws/install/workspace_mapping:/home/user/ros2_ws/install/my_robot_controller:/home/user/ros2_ws/install/fake_imu_package:/home/user/turtlebot3_ws/install/turtlebot3_teleop:/home/user/turtlebot3_ws/install/turtlebot3_example:/opt/ros/humble /usr/bin/cmake --install /home/user/workspace_world/mock_HW_ws/build/mock_hardware_interface
[15.506s] Level 1:colcon.colcon_core.environment:checking '/home/user/workspace_world/mock_HW_ws/install/mock_hardware_interface' for CMake module files
[15.507s] Level 1:colcon.colcon_core.environment:checking '/home/user/workspace_world/mock_HW_ws/install/mock_hardware_interface' for CMake config files
[15.507s] Level 1:colcon.colcon_core.shell:create_environment_hook('mock_hardware_interface', 'cmake_prefix_path')
[15.507s] INFO:colcon.colcon_core.shell:Creating environment hook '/home/user/workspace_world/mock_HW_ws/install/mock_hardware_interface/share/mock_hardware_interface/hook/cmake_prefix_path.ps1'
[15.509s] INFO:colcon.colcon_core.shell:Creating environment descriptor '/home/user/workspace_world/mock_HW_ws/install/mock_hardware_interface/share/mock_hardware_interface/hook/cmake_prefix_path.dsv'
[15.510s] INFO:colcon.colcon_core.shell:Creating environment hook '/home/user/workspace_world/mock_HW_ws/install/mock_hardware_interface/share/mock_hardware_interface/hook/cmake_prefix_path.sh'
[15.511s] Level 1:colcon.colcon_core.environment:checking '/home/user/workspace_world/mock_HW_ws/install/mock_hardware_interface/lib'
[15.511s] Level 1:colcon.colcon_core.shell:create_environment_hook('mock_hardware_interface', 'ld_library_path_lib')
[15.511s] INFO:colcon.colcon_core.shell:Creating environment hook '/home/user/workspace_world/mock_HW_ws/install/mock_hardware_interface/share/mock_hardware_interface/hook/ld_library_path_lib.ps1'
[15.511s] INFO:colcon.colcon_core.shell:Creating environment descriptor '/home/user/workspace_world/mock_HW_ws/install/mock_hardware_interface/share/mock_hardware_interface/hook/ld_library_path_lib.dsv'
[15.512s] INFO:colcon.colcon_core.shell:Creating environment hook '/home/user/workspace_world/mock_HW_ws/install/mock_hardware_interface/share/mock_hardware_interface/hook/ld_library_path_lib.sh'
[15.512s] Level 1:colcon.colcon_core.environment:checking '/home/user/workspace_world/mock_HW_ws/install/mock_hardware_interface/bin'
[15.512s] Level 1:colcon.colcon_core.environment:checking '/home/user/workspace_world/mock_HW_ws/install/mock_hardware_interface/lib/pkgconfig/mock_hardware_interface.pc'
[15.512s] Level 1:colcon.colcon_core.environment:checking '/home/user/workspace_world/mock_HW_ws/install/mock_hardware_interface/lib/python3.10/site-packages'
[15.512s] Level 1:colcon.colcon_core.environment:checking '/home/user/workspace_world/mock_HW_ws/install/mock_hardware_interface/bin'
[15.513s] INFO:colcon.colcon_core.shell:Creating package script '/home/user/workspace_world/mock_HW_ws/install/mock_hardware_interface/share/mock_hardware_interface/package.ps1'
[15.513s] INFO:colcon.colcon_core.shell:Creating package descriptor '/home/user/workspace_world/mock_HW_ws/install/mock_hardware_interface/share/mock_hardware_interface/package.dsv'
[15.514s] INFO:colcon.colcon_core.shell:Creating package script '/home/user/workspace_world/mock_HW_ws/install/mock_hardware_interface/share/mock_hardware_interface/package.sh'
[15.515s] INFO:colcon.colcon_core.shell:Creating package script '/home/user/workspace_world/mock_HW_ws/install/mock_hardware_interface/share/mock_hardware_interface/package.bash'
[15.516s] INFO:colcon.colcon_core.shell:Creating package script '/home/user/workspace_world/mock_HW_ws/install/mock_hardware_interface/share/mock_hardware_interface/package.zsh'
[15.517s] Level 1:colcon.colcon_core.environment:create_file_with_runtime_dependencies(/home/user/workspace_world/mock_HW_ws/install/mock_hardware_interface/share/colcon-core/packages/mock_hardware_interface)
[15.556s] Level 1:colcon.colcon_core.environment:create_environment_scripts_only(mock_hardware_interface)
[15.557s] Level 1:colcon.colcon_core.environment:checking '/home/user/workspace_world/mock_HW_ws/install/mock_hardware_interface' for CMake module files
[15.557s] Level 1:colcon.colcon_core.environment:checking '/home/user/workspace_world/mock_HW_ws/install/mock_hardware_interface' for CMake config files
[15.557s] Level 1:colcon.colcon_core.shell:create_environment_hook('mock_hardware_interface', 'cmake_prefix_path')
[15.558s] INFO:colcon.colcon_core.shell:Creating environment hook '/home/user/workspace_world/mock_HW_ws/install/mock_hardware_interface/share/mock_hardware_interface/hook/cmake_prefix_path.ps1'
[15.558s] INFO:colcon.colcon_core.shell:Creating environment descriptor '/home/user/workspace_world/mock_HW_ws/install/mock_hardware_interface/share/mock_hardware_interface/hook/cmake_prefix_path.dsv'
[15.558s] INFO:colcon.colcon_core.shell:Creating environment hook '/home/user/workspace_world/mock_HW_ws/install/mock_hardware_interface/share/mock_hardware_interface/hook/cmake_prefix_path.sh'
[15.559s] Level 1:colcon.colcon_core.environment:checking '/home/user/workspace_world/mock_HW_ws/install/mock_hardware_interface/lib'
[15.559s] Level 1:colcon.colcon_core.shell:create_environment_hook('mock_hardware_interface', 'ld_library_path_lib')
[15.559s] INFO:colcon.colcon_core.shell:Creating environment hook '/home/user/workspace_world/mock_HW_ws/install/mock_hardware_interface/share/mock_hardware_interface/hook/ld_library_path_lib.ps1'
[15.559s] INFO:colcon.colcon_core.shell:Creating environment descriptor '/home/user/workspace_world/mock_HW_ws/install/mock_hardware_interface/share/mock_hardware_interface/hook/ld_library_path_lib.dsv'
[15.560s] INFO:colcon.colcon_core.shell:Creating environment hook '/home/user/workspace_world/mock_HW_ws/install/mock_hardware_interface/share/mock_hardware_interface/hook/ld_library_path_lib.sh'
[15.560s] Level 1:colcon.colcon_core.environment:checking '/home/user/workspace_world/mock_HW_ws/install/mock_hardware_interface/bin'
[15.560s] Level 1:colcon.colcon_core.environment:checking '/home/user/workspace_world/mock_HW_ws/install/mock_hardware_interface/lib/pkgconfig/mock_hardware_interface.pc'
[15.560s] Level 1:colcon.colcon_core.environment:checking '/home/user/workspace_world/mock_HW_ws/install/mock_hardware_interface/lib/python3.10/site-packages'
[15.561s] Level 1:colcon.colcon_core.environment:checking '/home/user/workspace_world/mock_HW_ws/install/mock_hardware_interface/bin'
[15.561s] INFO:colcon.colcon_core.shell:Creating package script '/home/user/workspace_world/mock_HW_ws/install/mock_hardware_interface/share/mock_hardware_interface/package.ps1'
[15.561s] INFO:colcon.colcon_core.shell:Creating package descriptor '/home/user/workspace_world/mock_HW_ws/install/mock_hardware_interface/share/mock_hardware_interface/package.dsv'
[15.562s] INFO:colcon.colcon_core.shell:Creating package script '/home/user/workspace_world/mock_HW_ws/install/mock_hardware_interface/share/mock_hardware_interface/package.sh'
[15.562s] INFO:colcon.colcon_core.shell:Creating package script '/home/user/workspace_world/mock_HW_ws/install/mock_hardware_interface/share/mock_hardware_interface/package.bash'
[15.563s] INFO:colcon.colcon_core.shell:Creating package script '/home/user/workspace_world/mock_HW_ws/install/mock_hardware_interface/share/mock_hardware_interface/package.zsh'
[15.564s] Level 1:colcon.colcon_core.environment:create_file_with_runtime_dependencies(/home/user/workspace_world/mock_HW_ws/install/mock_hardware_interface/share/colcon-core/packages/mock_hardware_interface)
[15.564s] DEBUG:colcon.colcon_parallel_executor.executor.parallel:closing loop
[15.565s] DEBUG:colcon.colcon_parallel_executor.executor.parallel:loop closed
[15.565s] DEBUG:colcon.colcon_parallel_executor.executor.parallel:run_until_complete finished with '0'
[15.565s] DEBUG:colcon.colcon_core.event_reactor:joining thread
[15.690s] INFO:colcon.colcon_core.plugin_system:Skipping extension 'colcon_notification.desktop_notification.notify_send': Could not find 'notify-send'
[15.690s] INFO:colcon.colcon_core.plugin_system:Skipping extension 'colcon_notification.desktop_notification.terminal_notifier': Not used on non-Darwin systems
[15.690s] INFO:colcon.colcon_core.plugin_system:Skipping extension 'colcon_notification.desktop_notification.win32': Not used on non-Windows systems
[15.690s] INFO:colcon.colcon_notification.desktop_notification:Sending desktop notification using 'notify2'
[15.691s] DEBUG:colcon.colcon_notification.desktop_notification.notify2:Failed to initialize notify2: org.freedesktop.DBus.Error.ServiceUnknown: The name org.freedesktop.Notifications was not provided by any .service files
[15.692s] DEBUG:colcon.colcon_core.event_reactor:joined thread
[15.692s] INFO:colcon.colcon_core.shell:Creating prefix script '/home/user/workspace_world/mock_HW_ws/install/local_setup.ps1'
[15.693s] INFO:colcon.colcon_core.shell:Creating prefix util module '/home/user/workspace_world/mock_HW_ws/install/_local_setup_util_ps1.py'
[15.694s] INFO:colcon.colcon_core.shell:Creating prefix chain script '/home/user/workspace_world/mock_HW_ws/install/setup.ps1'
[15.696s] INFO:colcon.colcon_core.shell:Creating prefix script '/home/user/workspace_world/mock_HW_ws/install/local_setup.sh'
[15.697s] INFO:colcon.colcon_core.shell:Creating prefix util module '/home/user/workspace_world/mock_HW_ws/install/_local_setup_util_sh.py'
[15.698s] INFO:colcon.colcon_core.shell:Creating prefix chain script '/home/user/workspace_world/mock_HW_ws/install/setup.sh'
[15.701s] INFO:colcon.colcon_core.shell:Creating prefix script '/home/user/workspace_world/mock_HW_ws/install/local_setup.bash'
[15.702s] INFO:colcon.colcon_core.shell:Creating prefix chain script '/home/user/workspace_world/mock_HW_ws/install/setup.bash'
[15.704s] INFO:colcon.colcon_core.shell:Creating prefix script '/home/user/workspace_world/mock_HW_ws/install/local_setup.zsh'
[15.705s] INFO:colcon.colcon_core.shell:Creating prefix chain script '/home/user/workspace_world/mock_HW_ws/install/setup.zsh'
