[0.021s] Invoking command in '/home/user/workspace_world/mock_HW_ws/build/mock_hardware_interface': CMAKE_PREFIX_PATH=${CMAKE_PREFIX_PATH}:/home/user/workspace_world/ws_1/install/ros2_control_demo_testing:/home/user/ros2_ws/install/workspace_mapping:/home/user/ros2_ws/install/my_robot_controller:/home/user/ros2_ws/install/fake_imu_package:/home/user/turtlebot3_ws/install/turtlebot3_teleop:/home/user/turtlebot3_ws/install/turtlebot3_example:/opt/ros/humble /usr/bin/cmake --build /home/user/workspace_world/mock_HW_ws/build/mock_hardware_interface -- -j8 -l8
[0.094s] [100%] Built target mock_hardware
[0.108s] Invoked command in '/home/user/workspace_world/mock_HW_ws/build/mock_hardware_interface' returned '0': CMAKE_PREFIX_PATH=${CMAKE_PREFIX_PATH}:/home/user/workspace_world/ws_1/install/ros2_control_demo_testing:/home/user/ros2_ws/install/workspace_mapping:/home/user/ros2_ws/install/my_robot_controller:/home/user/ros2_ws/install/fake_imu_package:/home/user/turtlebot3_ws/install/turtlebot3_teleop:/home/user/turtlebot3_ws/install/turtlebot3_example:/opt/ros/humble /usr/bin/cmake --build /home/user/workspace_world/mock_HW_ws/build/mock_hardware_interface -- -j8 -l8
[0.158s] Invoking command in '/home/user/workspace_world/mock_HW_ws/build/mock_hardware_interface': CMAKE_PREFIX_PATH=${CMAKE_PREFIX_PATH}:/home/user/workspace_world/ws_1/install/ros2_control_demo_testing:/home/user/ros2_ws/install/workspace_mapping:/home/user/ros2_ws/install/my_robot_controller:/home/user/ros2_ws/install/fake_imu_package:/home/user/turtlebot3_ws/install/turtlebot3_teleop:/home/user/turtlebot3_ws/install/turtlebot3_example:/opt/ros/humble /usr/bin/cmake --install /home/user/workspace_world/mock_HW_ws/build/mock_hardware_interface
[0.166s] -- Install configuration: ""
[0.167s] -- Execute custom install script
[0.167s] -- Up-to-date symlink: /home/user/workspace_world/mock_HW_ws/install/mock_hardware_interface/share/mock_hardware_interface/mock_hardware_plugin.xml
[0.167s] -- Up-to-date symlink: /home/user/workspace_world/mock_HW_ws/install/mock_hardware_interface/share/mock_hardware_interface/launch/mock_hardware.launch.py
[0.168s] -- Up-to-date symlink: /home/user/workspace_world/mock_HW_ws/install/mock_hardware_interface/share/mock_hardware_interface/description/robot.urdf
[0.168s] -- Up-to-date symlink: /home/user/workspace_world/mock_HW_ws/install/mock_hardware_interface/share/mock_hardware_interface/config/controllers.yaml
[0.168s] -- Up-to-date symlink: /home/user/workspace_world/mock_HW_ws/install/mock_hardware_interface/lib/libmock_hardware.so
[0.169s] -- Up-to-date symlink: /home/user/workspace_world/mock_HW_ws/install/mock_hardware_interface/share/mock_hardware_interface//mock_hardware_plugin.xml
[0.169s] -- Up-to-date symlink: /home/user/workspace_world/mock_HW_ws/install/mock_hardware_interface/share/ament_index/resource_index/package_run_dependencies/mock_hardware_interface
[0.169s] -- Up-to-date symlink: /home/user/workspace_world/mock_HW_ws/install/mock_hardware_interface/share/ament_index/resource_index/parent_prefix_path/mock_hardware_interface
[0.169s] -- Up-to-date symlink: /home/user/workspace_world/mock_HW_ws/install/mock_hardware_interface/share/mock_hardware_interface/environment/ament_prefix_path.sh
[0.170s] -- Up-to-date symlink: /home/user/workspace_world/mock_HW_ws/install/mock_hardware_interface/share/mock_hardware_interface/environment/ament_prefix_path.dsv
[0.170s] -- Up-to-date symlink: /home/user/workspace_world/mock_HW_ws/install/mock_hardware_interface/share/mock_hardware_interface/environment/path.sh
[0.170s] -- Up-to-date symlink: /home/user/workspace_world/mock_HW_ws/install/mock_hardware_interface/share/mock_hardware_interface/environment/path.dsv
[0.171s] -- Up-to-date symlink: /home/user/workspace_world/mock_HW_ws/install/mock_hardware_interface/share/mock_hardware_interface/local_setup.bash
[0.171s] -- Up-to-date symlink: /home/user/workspace_world/mock_HW_ws/install/mock_hardware_interface/share/mock_hardware_interface/local_setup.sh
[0.171s] -- Up-to-date symlink: /home/user/workspace_world/mock_HW_ws/install/mock_hardware_interface/share/mock_hardware_interface/local_setup.zsh
[0.171s] -- Up-to-date symlink: /home/user/workspace_world/mock_HW_ws/install/mock_hardware_interface/share/mock_hardware_interface/local_setup.dsv
[0.171s] -- Symlinking: /home/user/workspace_world/mock_HW_ws/install/mock_hardware_interface/share/mock_hardware_interface/package.dsv
[0.181s] -- Up-to-date symlink: /home/user/workspace_world/mock_HW_ws/install/mock_hardware_interface/share/ament_index/resource_index/packages/mock_hardware_interface
[0.182s] -- Up-to-date symlink: /home/user/workspace_world/mock_HW_ws/install/mock_hardware_interface/share/ament_index/resource_index/hardware_interface__pluginlib__plugin/mock_hardware_interface
[0.182s] -- Up-to-date symlink: /home/user/workspace_world/mock_HW_ws/install/mock_hardware_interface/share/mock_hardware_interface/cmake/mock_hardware_interfaceConfig.cmake
[0.182s] -- Up-to-date symlink: /home/user/workspace_world/mock_HW_ws/install/mock_hardware_interface/share/mock_hardware_interface/cmake/mock_hardware_interfaceConfig-version.cmake
[0.182s] -- Up-to-date symlink: /home/user/workspace_world/mock_HW_ws/install/mock_hardware_interface/share/mock_hardware_interface/package.xml
[0.185s] Invoked command in '/home/user/workspace_world/mock_HW_ws/build/mock_hardware_interface' returned '0': CMAKE_PREFIX_PATH=${CMAKE_PREFIX_PATH}:/home/user/workspace_world/ws_1/install/ros2_control_demo_testing:/home/user/ros2_ws/install/workspace_mapping:/home/user/ros2_ws/install/my_robot_controller:/home/user/ros2_ws/install/fake_imu_package:/home/user/turtlebot3_ws/install/turtlebot3_teleop:/home/user/turtlebot3_ws/install/turtlebot3_example:/opt/ros/humble /usr/bin/cmake --install /home/user/workspace_world/mock_HW_ws/build/mock_hardware_interface
