[0.027s] Invoking command in '/home/user/workspace_world/mock_HW_ws/build/mock_hardware_interface': CMAKE_PREFIX_PATH=${CMAKE_PREFIX_PATH}:/home/user/workspace_world/ws_1/install/ros2_control_demo_testing:/home/user/ros2_ws/install/workspace_mapping:/home/user/ros2_ws/install/my_robot_controller:/home/user/ros2_ws/install/fake_imu_package:/home/user/turtlebot3_ws/install/turtlebot3_teleop:/home/user/turtlebot3_ws/install/turtlebot3_example:/opt/ros/humble /usr/bin/cmake /home/user/workspace_world/mock_HW_ws/src/mock_hardware_interface -DAMENT_CMAKE_SYMLINK_INSTALL=1 -DCMAKE_INSTALL_PREFIX=/home/user/workspace_world/mock_HW_ws/install/mock_hardware_interface
[0.398s] -- The C compiler identification is GNU 11.4.0
[1.815s] -- The CXX compiler identification is GNU 11.4.0
[2.833s] -- Detecting C compiler ABI info
[3.195s] -- Detecting C compiler ABI info - done
[3.211s] -- Check for working C compiler: /usr/bin/cc - skipped
[3.211s] -- Detecting C compile features
[3.212s] -- Detecting C compile features - done
[3.216s] -- Detecting CXX compiler ABI info
[3.580s] -- Detecting CXX compiler ABI info - done
[3.594s] -- Check for working CXX compiler: /usr/bin/c++ - skipped
[3.594s] -- Detecting CXX compile features
[3.594s] -- Detecting CXX compile features - done
[3.603s] -- Found ament_cmake: 1.3.10 (/opt/ros/humble/share/ament_cmake/cmake)
[3.827s] -- Found Python3: /usr/bin/python3 (found version "3.10.12") found components: Interpreter 
[3.919s] -- Override CMake install command with custom implementation using symlinks instead of copying resources
[4.040s] -- Found rclcpp: 16.0.10 (/opt/ros/humble/share/rclcpp/cmake)
[4.519s] -- Found rosidl_generator_c: 3.1.5 (/opt/ros/humble/share/rosidl_generator_c/cmake)
[4.532s] -- Found rosidl_adapter: 3.1.5 (/opt/ros/humble/share/rosidl_adapter/cmake)
[4.552s] -- Found rosidl_generator_cpp: 3.1.5 (/opt/ros/humble/share/rosidl_generator_cpp/cmake)
[4.575s] -- Using all available rosidl_typesupport_c: rosidl_typesupport_fastrtps_c;rosidl_typesupport_introspection_c
[4.613s] -- Using all available rosidl_typesupport_cpp: rosidl_typesupport_fastrtps_cpp;rosidl_typesupport_introspection_cpp
[4.738s] -- Found rmw_implementation_cmake: 6.1.2 (/opt/ros/humble/share/rmw_implementation_cmake/cmake)
[4.747s] -- Found rmw_cyclonedds_cpp: 1.3.4 (/opt/ros/humble/share/rmw_cyclonedds_cpp/cmake)
[4.810s] -- Using RMW implementation 'rmw_cyclonedds_cpp' as default
[4.836s] -- Looking for pthread.h
[5.176s] -- Looking for pthread.h - found
[5.181s] -- Performing Test CMAKE_HAVE_LIBC_PTHREAD
[5.580s] -- Performing Test CMAKE_HAVE_LIBC_PTHREAD - Success
[5.582s] -- Found Threads: TRUE  
[5.710s] -- Found hardware_interface: 2.43.1 (/opt/ros/humble/share/hardware_interface/cmake)
[9.097s] -- Configuring done
[9.180s] -- Generating done
[9.185s] -- Build files have been written to: /home/user/workspace_world/mock_HW_ws/build/mock_hardware_interface
[9.205s] Invoked command in '/home/user/workspace_world/mock_HW_ws/build/mock_hardware_interface' returned '0': CMAKE_PREFIX_PATH=${CMAKE_PREFIX_PATH}:/home/user/workspace_world/ws_1/install/ros2_control_demo_testing:/home/user/ros2_ws/install/workspace_mapping:/home/user/ros2_ws/install/my_robot_controller:/home/user/ros2_ws/install/fake_imu_package:/home/user/turtlebot3_ws/install/turtlebot3_teleop:/home/user/turtlebot3_ws/install/turtlebot3_example:/opt/ros/humble /usr/bin/cmake /home/user/workspace_world/mock_HW_ws/src/mock_hardware_interface -DAMENT_CMAKE_SYMLINK_INSTALL=1 -DCMAKE_INSTALL_PREFIX=/home/user/workspace_world/mock_HW_ws/install/mock_hardware_interface
[9.209s] Invoking command in '/home/user/workspace_world/mock_HW_ws/build/mock_hardware_interface': CMAKE_PREFIX_PATH=${CMAKE_PREFIX_PATH}:/home/user/workspace_world/ws_1/install/ros2_control_demo_testing:/home/user/ros2_ws/install/workspace_mapping:/home/user/ros2_ws/install/my_robot_controller:/home/user/ros2_ws/install/fake_imu_package:/home/user/turtlebot3_ws/install/turtlebot3_teleop:/home/user/turtlebot3_ws/install/turtlebot3_example:/opt/ros/humble /usr/bin/cmake --build /home/user/workspace_world/mock_HW_ws/build/mock_hardware_interface -- -j8 -l8
[9.278s] [ 50%] [32mBuilding CXX object CMakeFiles/mock_hardware.dir/src/mock_hardware.cpp.o[0m
[13.869s] [100%] [32m[1mLinking CXX shared library libmock_hardware.so[0m
[14.247s] [100%] Built target mock_hardware
[14.261s] Invoked command in '/home/user/workspace_world/mock_HW_ws/build/mock_hardware_interface' returned '0': CMAKE_PREFIX_PATH=${CMAKE_PREFIX_PATH}:/home/user/workspace_world/ws_1/install/ros2_control_demo_testing:/home/user/ros2_ws/install/workspace_mapping:/home/user/ros2_ws/install/my_robot_controller:/home/user/ros2_ws/install/fake_imu_package:/home/user/turtlebot3_ws/install/turtlebot3_teleop:/home/user/turtlebot3_ws/install/turtlebot3_example:/opt/ros/humble /usr/bin/cmake --build /home/user/workspace_world/mock_HW_ws/build/mock_hardware_interface -- -j8 -l8
[14.326s] Invoking command in '/home/user/workspace_world/mock_HW_ws/build/mock_hardware_interface': CMAKE_PREFIX_PATH=${CMAKE_PREFIX_PATH}:/home/user/workspace_world/ws_1/install/ros2_control_demo_testing:/home/user/ros2_ws/install/workspace_mapping:/home/user/ros2_ws/install/my_robot_controller:/home/user/ros2_ws/install/fake_imu_package:/home/user/turtlebot3_ws/install/turtlebot3_teleop:/home/user/turtlebot3_ws/install/turtlebot3_example:/opt/ros/humble /usr/bin/cmake --install /home/user/workspace_world/mock_HW_ws/build/mock_hardware_interface
[14.339s] -- Install configuration: ""
[14.341s] -- Execute custom install script
[14.342s] -- Symlinking: /home/user/workspace_world/mock_HW_ws/install/mock_hardware_interface/share/mock_hardware_interface/mock_hardware_plugin.xml
[14.355s] -- Symlinking: /home/user/workspace_world/mock_HW_ws/install/mock_hardware_interface/share/mock_hardware_interface/launch/mock_hardware.launch.py
[14.366s] -- Symlinking: /home/user/workspace_world/mock_HW_ws/install/mock_hardware_interface/share/mock_hardware_interface/description/robot.urdf
[14.380s] -- Symlinking: /home/user/workspace_world/mock_HW_ws/install/mock_hardware_interface/share/mock_hardware_interface/config/controllers.yaml
[14.394s] -- Symlinking: /home/user/workspace_world/mock_HW_ws/install/mock_hardware_interface/lib/libmock_hardware.so
[14.408s] -- Up-to-date symlink: /home/user/workspace_world/mock_HW_ws/install/mock_hardware_interface/share/mock_hardware_interface//mock_hardware_plugin.xml
[14.411s] -- Symlinking: /home/user/workspace_world/mock_HW_ws/install/mock_hardware_interface/share/ament_index/resource_index/package_run_dependencies/mock_hardware_interface
[14.424s] -- Symlinking: /home/user/workspace_world/mock_HW_ws/install/mock_hardware_interface/share/ament_index/resource_index/parent_prefix_path/mock_hardware_interface
[14.434s] -- Symlinking: /home/user/workspace_world/mock_HW_ws/install/mock_hardware_interface/share/mock_hardware_interface/environment/ament_prefix_path.sh
[14.446s] -- Symlinking: /home/user/workspace_world/mock_HW_ws/install/mock_hardware_interface/share/mock_hardware_interface/environment/ament_prefix_path.dsv
[14.456s] -- Symlinking: /home/user/workspace_world/mock_HW_ws/install/mock_hardware_interface/share/mock_hardware_interface/environment/path.sh
[14.467s] -- Symlinking: /home/user/workspace_world/mock_HW_ws/install/mock_hardware_interface/share/mock_hardware_interface/environment/path.dsv
[14.481s] -- Symlinking: /home/user/workspace_world/mock_HW_ws/install/mock_hardware_interface/share/mock_hardware_interface/local_setup.bash
[14.493s] -- Symlinking: /home/user/workspace_world/mock_HW_ws/install/mock_hardware_interface/share/mock_hardware_interface/local_setup.sh
[14.503s] -- Symlinking: /home/user/workspace_world/mock_HW_ws/install/mock_hardware_interface/share/mock_hardware_interface/local_setup.zsh
[14.513s] -- Symlinking: /home/user/workspace_world/mock_HW_ws/install/mock_hardware_interface/share/mock_hardware_interface/local_setup.dsv
[14.524s] -- Symlinking: /home/user/workspace_world/mock_HW_ws/install/mock_hardware_interface/share/mock_hardware_interface/package.dsv
[14.535s] -- Symlinking: /home/user/workspace_world/mock_HW_ws/install/mock_hardware_interface/share/ament_index/resource_index/packages/mock_hardware_interface
[14.547s] -- Symlinking: /home/user/workspace_world/mock_HW_ws/install/mock_hardware_interface/share/ament_index/resource_index/hardware_interface__pluginlib__plugin/mock_hardware_interface
[14.558s] -- Symlinking: /home/user/workspace_world/mock_HW_ws/install/mock_hardware_interface/share/mock_hardware_interface/cmake/mock_hardware_interfaceConfig.cmake
[14.569s] -- Symlinking: /home/user/workspace_world/mock_HW_ws/install/mock_hardware_interface/share/mock_hardware_interface/cmake/mock_hardware_interfaceConfig-version.cmake
[14.579s] -- Symlinking: /home/user/workspace_world/mock_HW_ws/install/mock_hardware_interface/share/mock_hardware_interface/package.xml
[14.593s] Invoked command in '/home/user/workspace_world/mock_HW_ws/build/mock_hardware_interface' returned '0': CMAKE_PREFIX_PATH=${CMAKE_PREFIX_PATH}:/home/user/workspace_world/ws_1/install/ros2_control_demo_testing:/home/user/ros2_ws/install/workspace_mapping:/home/user/ros2_ws/install/my_robot_controller:/home/user/ros2_ws/install/fake_imu_package:/home/user/turtlebot3_ws/install/turtlebot3_teleop:/home/user/turtlebot3_ws/install/turtlebot3_example:/opt/ros/humble /usr/bin/cmake --install /home/user/workspace_world/mock_HW_ws/build/mock_hardware_interface
